<?xml version="1.0" encoding="UTF-8"?>
<!-- Generated by org.testng.reporters.JUnitReportReporter -->
<testsuite hostname="LAPTOP-NBCD1KMT" failures="0" tests="2" name="Test.TestCase18" time="60.313" errors="0" timestamp="2023-10-24T13:26:07 IST" skipped="0">
  <testcase classname="Test.TestCase18" name="initialize" time="18.620"/>
  <testcase classname="Test.TestCase18" name="verify" time="41.693"/>
</testsuite> <!-- Test.TestCase18 -->
