<?xml version="1.0" encoding="UTF-8"?>
<!-- Generated by org.testng.reporters.JUnitReportReporter -->
<testsuite hostname="LAPTOP-NBCD1KMT" failures="0" tests="2" name="Test.TestCase13" time="38.393" errors="0" timestamp="2023-10-24T11:55:57 IST" skipped="0">
  <testcase classname="Test.TestCase13" name="initialize" time="9.899"/>
  <testcase classname="Test.TestCase13" name="addProduct" time="28.494"/>
</testsuite> <!-- Test.TestCase13 -->
