<?xml version="1.0" encoding="UTF-8"?>
<!-- Generated by org.testng.reporters.JUnitReportReporter -->
<testsuite hostname="LAPTOP-NBCD1KMT" failures="0" tests="6" name="Test.TestCase15" time="101.268" errors="0" timestamp="2023-10-24T12:28:57 IST" skipped="0">
  <testcase classname="Test.TestCase15" name="initialize" time="8.399"/>
  <testcase classname="Test.TestCase15" name="login" time="6.132"/>
  <testcase classname="Test.TestCase15" name="registration" time="29.218"/>
  <testcase classname="Test.TestCase15" name="addProduct" time="25.374"/>
  <testcase classname="Test.TestCase15" name="checkout" time="14.988"/>
  <testcase classname="Test.TestCase15" name="logout" time="17.157"/>
</testsuite> <!-- Test.TestCase15 -->
