<?xml version="1.0" encoding="UTF-8"?>
<!-- Generated by org.testng.reporters.JUnitReportReporter -->
<testsuite hostname="LAPTOP-NBCD1KMT" failures="0" tests="2" name="Test.TestCase10" time="14.891" errors="0" timestamp="2023-10-24T11:26:48 IST" skipped="0">
  <testcase classname="Test.TestCase10" name="initialize" time="13.851"/>
  <testcase classname="Test.TestCase10" name="verify" time="1.040"/>
</testsuite> <!-- Test.TestCase10 -->
