<?xml version="1.0" encoding="UTF-8"?>
<!-- Generated by org.testng.reporters.JUnitReportReporter -->
<testsuite hostname="LAPTOP-NBCD1KMT" failures="0" tests="2" name="Test.TestCase19" time="40.555" errors="0" timestamp="2023-10-24T13:41:55 IST" skipped="0">
  <testcase classname="Test.TestCase19" name="initialize" time="11.576"/>
  <testcase classname="Test.TestCase19" name="verify" time="28.979"/>
</testsuite> <!-- Test.TestCase19 -->
