<?xml version="1.0" encoding="UTF-8"?>
<!-- Generated by org.testng.reporters.JUnitReportReporter -->
<testsuite hostname="LAPTOP-NBCD1KMT" failures="0" tests="2" name="Test.TestCase12" time="30.792" errors="0" timestamp="2023-12-16T12:35:45 IST" skipped="0">
  <testcase classname="Test.TestCase12" name="initialize" time="8.143"/>
  <testcase classname="Test.TestCase12" name="addProduct" time="22.649"/>
</testsuite> <!-- Test.TestCase12 -->
