<?xml version="1.0" encoding="UTF-8"?>
<!-- Generated by org.testng.reporters.JUnitReportReporter -->
<testsuite hostname="LAPTOP-NBCD1KMT" failures="0" tests="4" name="Test.TestCase24" time="92.766" errors="0" timestamp="2023-10-24T22:26:21 IST" skipped="0">
  <testcase classname="Test.TestCase24" name="initialize" time="8.158"/>
  <testcase classname="Test.TestCase24" name="addProduct" time="14.621"/>
  <testcase classname="Test.TestCase24" name="SignUp" time="38.229"/>
  <testcase classname="Test.TestCase24" name="checkout" time="31.758"/>
</testsuite> <!-- Test.TestCase24 -->
