<?xml version="1.0" encoding="UTF-8"?>
<!-- Generated by org.testng.reporters.JUnitReportReporter -->
<testsuite hostname="LAPTOP-NBCD1KMT" failures="0" tests="2" name="Test.TestCase20" time="66.750" errors="0" timestamp="2023-10-24T14:10:47 IST" skipped="0">
  <testcase classname="Test.TestCase20" name="initialize" time="8.149"/>
  <testcase classname="Test.TestCase20" name="product" time="58.601"/>
</testsuite> <!-- Test.TestCase20 -->
