<?xml version="1.0" encoding="UTF-8"?>
<!-- Generated by org.testng.reporters.JUnitReportReporter -->
<testsuite hostname="LAPTOP-NBCD1KMT" failures="0" tests="2" name="Test.TestCase5" time="10.233" errors="0" timestamp="2023-10-23T22:41:15 IST" skipped="0">
  <testcase classname="Test.TestCase5" name="initialize" time="5.755"/>
  <testcase classname="Test.TestCase5" name="login" time="4.478"/>
</testsuite> <!-- Test.TestCase5 -->
