<?xml version="1.0" encoding="UTF-8"?>
<!-- Generated by org.testng.reporters.JUnitReportReporter -->
<testsuite hostname="LAPTOP-NBCD1KMT" failures="0" tests="2" name="Test.TestCase7" time="26.773" errors="0" timestamp="2023-10-23T22:36:39 IST" skipped="0">
  <testcase classname="Test.TestCase7" name="login" time="13.626"/>
  <testcase classname="Test.TestCase7" name="verify" time="13.147"/>
</testsuite> <!-- Test.TestCase7 -->
