<?xml version="1.0" encoding="UTF-8"?>
<!-- Generated by org.testng.reporters.JUnitReportReporter -->
<testsuite hostname="LAPTOP-NBCD1KMT" failures="0" tests="2" name="Test.TestCase21" time="30.190" errors="0" timestamp="2023-10-24T14:46:38 IST" skipped="0">
  <testcase classname="Test.TestCase21" name="initialize" time="6.737"/>
  <testcase classname="Test.TestCase21" name="verify" time="23.453"/>
</testsuite> <!-- Test.TestCase21 -->
