<?xml version="1.0" encoding="UTF-8"?>
<!-- Generated by org.testng.reporters.JUnitReportReporter -->
<testsuite hostname="LAPTOP-NBCD1KMT" failures="0" tests="2" name="Test.TestCase9" time="45.625" errors="0" timestamp="2023-10-23T23:07:29 IST" skipped="0">
  <testcase classname="Test.TestCase9" name="initialize" time="16.190"/>
  <testcase classname="Test.TestCase9" name="verify" time="29.435"/>
</testsuite> <!-- Test.TestCase9 -->
