<?xml version="1.0" encoding="UTF-8"?>
<!-- Generated by org.testng.reporters.JUnitReportReporter -->
<testsuite hostname="LAPTOP-NBCD1KMT" failures="0" tests="2" name="Test.TestCase3" time="29.526" errors="0" timestamp="2023-10-23T20:27:53 IST" skipped="0">
  <testcase classname="Test.TestCase3" name="login" time="10.542"/>
  <testcase classname="Test.TestCase3" name="verify" time="18.984"/>
</testsuite> <!-- Test.TestCase3 -->
