<?xml version="1.0" encoding="UTF-8"?>
<!-- Generated by org.testng.reporters.JUnitReportReporter -->
<testsuite hostname="LAPTOP-NBCD1KMT" failures="0" tests="5" name="Test.TestCase14" time="89.712" errors="0" timestamp="2023-12-16T12:39:58 IST" skipped="0">
  <testcase classname="Test.TestCase14" name="initialize" time="6.764"/>
  <testcase classname="Test.TestCase14" name="addProduct" time="19.181"/>
  <testcase classname="Test.TestCase14" name="SignUp" time="34.269"/>
  <testcase classname="Test.TestCase14" name="cart" time="14.697"/>
  <testcase classname="Test.TestCase14" name="logout" time="14.801"/>
</testsuite> <!-- Test.TestCase14 -->
