<?xml version="1.0" encoding="UTF-8"?>
<!-- Generated by org.testng.reporters.JUnitReportReporter -->
<testsuite hostname="LAPTOP-NBCD1KMT" failures="0" tests="5" name="Test.TestCase16" time="79.990" errors="0" timestamp="2023-10-24T23:08:04 IST" skipped="0">
  <testcase classname="Test.TestCase16" name="initialize" time="6.172"/>
  <testcase classname="Test.TestCase16" name="login" time="19.662"/>
  <testcase classname="Test.TestCase16" name="addProduct" time="26.791"/>
  <testcase classname="Test.TestCase16" name="checkout" time="13.394"/>
  <testcase classname="Test.TestCase16" name="logout" time="13.971"/>
</testsuite> <!-- Test.TestCase16 -->
