<?xml version="1.0" encoding="UTF-8"?>
<!-- Generated by org.testng.reporters.JUnitReportReporter -->
<testsuite hostname="LAPTOP-NBCD1KMT" failures="0" tests="2" name="Test.TestCase8" time="35.242" errors="0" timestamp="2023-10-23T23:00:51 IST" skipped="0">
  <testcase classname="Test.TestCase8" name="initialize" time="6.006"/>
  <testcase classname="Test.TestCase8" name="verify" time="29.236"/>
</testsuite> <!-- Test.TestCase8 -->
