<?xml version="1.0" encoding="UTF-8"?>
<!-- Generated by org.testng.reporters.JUnitReportReporter -->
<testsuite hostname="LAPTOP-NBCD1KMT" failures="0" tests="2" name="Test.TestCase11" time="14.998" errors="0" timestamp="2023-10-24T11:31:48 IST" skipped="0">
  <testcase classname="Test.TestCase11" name="initialize" time="11.372"/>
  <testcase classname="Test.TestCase11" name="verify" time="3.626"/>
</testsuite> <!-- Test.TestCase11 -->
