<?xml version="1.0" encoding="UTF-8"?>
<!-- Generated by org.testng.reporters.JUnitReportReporter -->
<testsuite hostname="LAPTOP-NBCD1KMT" failures="0" tests="2" name="Test.TestCase22" time="18.997" errors="0" timestamp="2023-10-24T14:53:27 IST" skipped="0">
  <testcase classname="Test.TestCase22" name="initialize" time="6.653"/>
  <testcase classname="Test.TestCase22" name="verify" time="12.344"/>
</testsuite> <!-- Test.TestCase22 -->
