<?xml version="1.0" encoding="UTF-8"?>
<!-- Generated by org.testng.reporters.JUnitReportReporter -->
<testsuite hostname="LAPTOP-NBCD1KMT" failures="0" tests="5" name="Test.TestCase4" time="50.467" errors="0" timestamp="2023-10-23T22:20:02 IST" skipped="0">
  <testcase classname="Test.TestCase4" name="login" time="14.393"/>
  <testcase classname="Test.TestCase4" name="verify" time="24.048"/>
  <testcase classname="Test.TestCase4" name="verifyUsername" time="10.089"/>
  <testcase classname="Test.TestCase4" name="logout" time="1.780"/>
  <testcase classname="Test.TestCase4" name="verifyForm" time="0.157"/>
</testsuite> <!-- Test.TestCase4 -->
