<?xml version="1.0" encoding="UTF-8"?>
<!-- Generated by org.testng.reporters.JUnitReportReporter -->
<testsuite hostname="LAPTOP-NBCD1KMT" failures="0" tests="3" name="Test.TestCase26" time="16.370" errors="0" timestamp="2023-10-24T22:55:48 IST" skipped="0">
  <testcase classname="Test.TestCase26" name="initialize" time="5.892"/>
  <testcase classname="Test.TestCase26" name="verify" time="0.107"/>
  <testcase classname="Test.TestCase26" name="scroll" time="10.371"/>
</testsuite> <!-- Test.TestCase26 -->
