<?xml version="1.0" encoding="UTF-8"?>
<!-- Generated by org.testng.reporters.JUnitReportReporter -->
<testsuite hostname="LAPTOP-NBCD1KMT" failures="0" tests="3" name="Test.TestCase25" time="11.453" errors="0" timestamp="2023-10-24T16:45:56 IST" skipped="0">
  <testcase classname="Test.TestCase25" name="initialize" time="8.432"/>
  <testcase classname="Test.TestCase25" name="verify1" time="0.256"/>
  <testcase classname="Test.TestCase25" name="verify2" time="2.765"/>
</testsuite> <!-- Test.TestCase25 -->
