<?xml version="1.0" encoding="UTF-8"?>
<!-- Generated by org.testng.reporters.JUnitReportReporter -->
<testsuite hostname="LAPTOP-NBCD1KMT" failures="0" tests="4" name="Test.TestCase1" time="76.382" errors="0" timestamp="2023-12-21T12:28:50 IST" skipped="0">
  <testcase classname="Test.TestCase1" name="initialize" time="10.014"/>
  <testcase classname="Test.TestCase1" name="login" time="3.853"/>
  <testcase classname="Test.TestCase1" name="registration" time="41.111"/>
  <testcase classname="Test.TestCase1" name="logout" time="21.404"/>
</testsuite> <!-- Test.TestCase1 -->
