<?xml version="1.0" encoding="UTF-8"?>
<!-- Generated by org.testng.reporters.JUnitReportReporter -->
<testsuite hostname="LAPTOP-NBCD1KMT" failures="0" tests="2" name="Test.TestCase17" time="56.959" errors="0" timestamp="2023-10-24T13:15:23 IST" skipped="0">
  <testcase classname="Test.TestCase17" name="intialize" time="18.071"/>
  <testcase classname="Test.TestCase17" name="Product" time="38.888"/>
</testsuite> <!-- Test.TestCase17 -->
